\BOOKMARK [1][-]{section.1}{\376\377\000I\000n\000t\000r\000o\000d\000u\000c\000c\000i\000\363\000n}{}% 1
\BOOKMARK [1][-]{section.2}{\376\377\000A\000l\000g\000o\000r\000i\000t\000m\000o\000\040\000d\000e\000\040\000D\000e\000u\000t\000s\000c\000h}{}% 2
\BOOKMARK [2][-]{subsection.2.1}{\376\377\000P\000r\000o\000b\000l\000e\000m\000a}{section.2}% 3
\BOOKMARK [2][-]{subsection.2.2}{\376\377\000I\000m\000p\000l\000e\000m\000e\000n\000t\000a\000n\000d\000o\000\040\000l\000a\000s\000\040\000f\000u\000n\000c\000i\000o\000n\000e\000s\000\040\000e\000n\000\040\000e\000l\000\040\000c\000o\000m\000p\000u\000t\000a\000d\000o\000r\000\040\000c\000u\000\341\000n\000t\000i\000c\000o}{section.2}% 4
\BOOKMARK [3][-]{subsubsection.2.2.1}{\376\377\000F\000u\000n\000c\000i\000\363\000n\000\040\000f\0000\000\040\000\050\000c\000o\000n\000s\000t\000a\000n\000t\000e\000-\0000\000\051}{subsection.2.2}% 5
\BOOKMARK [3][-]{subsubsection.2.2.2}{\376\377\000F\000u\000n\000c\000i\000\363\000n\000\040\000f\0001\000\040\000\050\000c\000o\000n\000s\000t\000a\000n\000t\000e\000-\0001\000\051}{subsection.2.2}% 6
\BOOKMARK [3][-]{subsubsection.2.2.3}{\376\377\000F\000u\000n\000c\000i\000\363\000n\000\040\000f\0002\000\040\000\050\000i\000d\000e\000n\000t\000i\000d\000a\000d\000\051}{subsection.2.2}% 7
\BOOKMARK [3][-]{subsubsection.2.2.4}{\376\377\000F\000u\000n\000c\000i\000\363\000n\000\040\000f\0003\000\040\000\050\000n\000e\000g\000a\000c\000i\000\363\000n\000\051}{subsection.2.2}% 8
\BOOKMARK [2][-]{subsection.2.3}{\376\377\000I\000m\000p\000l\000e\000m\000e\000n\000t\000a\000n\000d\000o\000\040\000e\000l\000\040\000a\000l\000g\000o\000r\000i\000t\000m\000o\000\040\000d\000e\000\040\000D\000e\000u\000t\000s\000c\000h\000\040\000e\000n\000\040\000u\000n\000\040\000c\000o\000m\000p\000u\000t\000a\000d\000o\000r\000\040\000c\000u\000\341\000n\000t\000i\000c\000o}{section.2}% 9
\BOOKMARK [2][-]{subsection.2.4}{\376\377\000R\000e\000s\000u\000l\000t\000a\000d\000o\000s\000\040\000d\000e\000\040\000s\000i\000m\000u\000l\000a\000c\000i\000\363\000n\000\040\000d\000e\000t\000a\000l\000l\000a\000d\000o\000s}{section.2}% 10
\BOOKMARK [1][-]{section.3}{\376\377\000A\000l\000g\000o\000r\000i\000t\000m\000o\000\040\000d\000e\000\040\000D\000e\000u\000t\000s\000c\000h\000-\000J\000o\000z\000s\000a}{}% 11
\BOOKMARK [2][-]{subsection.3.1}{\376\377\000P\000r\000o\000b\000l\000e\000m\000a}{section.3}% 12
\BOOKMARK [2][-]{subsection.3.2}{\376\377\000I\000m\000p\000l\000e\000m\000e\000n\000t\000a\000n\000d\000o\000\040\000l\000a\000s\000\040\000f\000u\000n\000c\000i\000o\000n\000e\000s\000\040\000e\000n\000\040\000e\000l\000\040\000c\000o\000m\000p\000u\000t\000a\000d\000o\000r\000\040\000c\000u\000\341\000n\000t\000i\000c\000o}{section.3}% 13
\BOOKMARK [3][-]{subsubsection.3.2.1}{\376\377\000F\000u\000n\000c\000i\000\363\000n\000\040\000c\000o\000n\000s\000t\000a\000n\000t\000e\000:\000\040\000f\000c\000\050\000x\000\051\000\040\000=\000\040\0000}{subsection.3.2}% 14
\BOOKMARK [3][-]{subsubsection.3.2.2}{\376\377\000F\000u\000n\000c\000i\000\363\000n\000\040\000b\000a\000l\000a\000n\000c\000e\000a\000d\000a\000\040\0001\000:\000\040\000f\000b\0001\000\050\000x\0001\000,\000\040\000x\0002\000,\000\040\000x\0003\000,\000\040\000x\0004\000\051\000\040\000=\000\040\000x\0001\000\040\000x\0002}{subsection.3.2}% 15
\BOOKMARK [3][-]{subsubsection.3.2.3}{\376\377\000F\000u\000n\000c\000i\000\363\000n\000\040\000b\000a\000l\000a\000n\000c\000e\000a\000d\000a\000\040\0002\000:\000\040\000f\000b\0002\000\050\000x\0001\000,\000\040\000x\0002\000,\000\040\000x\0003\000,\000\040\000x\0004\000\051\000\040\000=\000\040\000x\0003\000\040\000x\0004}{subsection.3.2}% 16
\BOOKMARK [3][-]{subsubsection.3.2.4}{\376\377\000F\000u\000n\000c\000i\000\363\000n\000\040\000b\000a\000l\000a\000n\000c\000e\000a\000d\000a\000\040\0003\000:\000\040\000f\000b\0003\000\050\000x\0001\000,\000\040\000x\0002\000,\000\040\000x\0003\000,\000\040\000x\0004\000\051\000\040\000=\000\040\000\040\000x\0002}{subsection.3.2}% 17
\BOOKMARK [2][-]{subsection.3.3}{\376\377\000I\000m\000p\000l\000e\000m\000e\000n\000t\000a\000n\000d\000o\000\040\000e\000l\000\040\000a\000l\000g\000o\000r\000i\000t\000m\000o\000\040\000d\000e\000\040\000D\000e\000u\000t\000s\000c\000h\000-\000J\000o\000z\000s\000a\000\040\000e\000n\000\040\000u\000n\000\040\000c\000o\000m\000p\000u\000t\000a\000d\000o\000r\000\040\000c\000u\000\341\000n\000t\000i\000c\000o}{section.3}% 18
\BOOKMARK [2][-]{subsection.3.4}{\376\377\000R\000e\000s\000u\000l\000t\000a\000d\000o\000s\000\040\000d\000e\000\040\000s\000i\000m\000u\000l\000a\000c\000i\000\363\000n\000\040\000d\000e\000t\000a\000l\000l\000a\000d\000o\000s}{section.3}% 19
\BOOKMARK [1][-]{section.4}{\376\377\000C\000o\000n\000c\000l\000u\000s\000i\000o\000n\000e\000s}{}% 20
\BOOKMARK [1][-]{section.5}{\376\377\000B\000i\000b\000l\000i\000o\000g\000r\000a\000f\000\355\000a}{}% 21
